<?xml version="1.0" encoding="UTF-8"?>
<!-- Generated by org.testng.reporters.JUnitReportReporter -->
<testsuite hostname="TechAltum-PC" name="nov_11.HandleDatePicker" tests="1" failures="0" timestamp="11 Nov 2017 06:36:35 GMT" time="65.316" errors="0">
  <testcase name="handleMultipleBrowserWindow" time="65.316" classname="nov_11.HandleDatePicker"/>
</testsuite> <!-- nov_11.HandleDatePicker -->
