<?xml version="1.0" encoding="UTF-8"?>
<!-- Generated by org.testng.reporters.JUnitReportReporter -->
<testsuite hostname="TechAltum-PC" name="testCases.CheckingItemsInCart" tests="1" failures="0" timestamp="4 Nov 2017 06:30:30 GMT" time="20.481" errors="0">
  <testcase name="testCheckingItemsInCart" time="20.481" classname="testCases.CheckingItemsInCart"/>
</testsuite> <!-- testCases.CheckingItemsInCart -->
