<?xml version="1.0" encoding="UTF-8"?>
<!-- Generated by org.testng.reporters.JUnitReportReporter -->
<testsuite hostname="TechAltum-PC" name="nov_11.HandleWebTables" tests="1" failures="0" timestamp="11 Nov 2017 06:19:37 GMT" time="28.346" errors="0">
  <testcase name="handleMultipleBrowserWindow" time="28.346" classname="nov_11.HandleWebTables"/>
</testsuite> <!-- nov_11.HandleWebTables -->
