<?xml version="1.0" encoding="UTF-8"?>
<!-- Generated by org.testng.reporters.JUnitReportReporter -->
<testsuite hostname="TechAltum-PC" name="nov_11.NaukriHomePage" tests="1" failures="0" timestamp="11 Nov 2017 05:34:13 GMT" time="33.236" errors="0">
  <testcase name="handleMultipleBrowserWindow" time="33.236" classname="nov_11.NaukriHomePage"/>
</testsuite> <!-- nov_11.NaukriHomePage -->
