<?xml version="1.0" encoding="UTF-8"?>
<!-- Generated by org.testng.reporters.JUnitReportReporter -->
<testsuite hostname="TechAltum-PC" name="nov_11.NaukriHomePage1" tests="1" failures="0" timestamp="11 Nov 2017 05:59:21 GMT" time="43.016" errors="0">
  <testcase name="handleMultipleBrowserWindow" time="43.016" classname="nov_11.NaukriHomePage1"/>
</testsuite> <!-- nov_11.NaukriHomePage1 -->
