<?xml version="1.0" encoding="UTF-8"?>
<!-- Generated by org.testng.reporters.JUnitReportReporter -->
<testsuite hostname="TechAltum-PC" name="nov_12.TC01" tests="1" failures="0" timestamp="12 Nov 2017 05:59:29 GMT" time="25.607" errors="0">
  <testcase name="AutoItTest" time="25.607" classname="nov_12.TC01"/>
</testsuite> <!-- nov_12.TC01 -->
