<?xml version="1.0" encoding="UTF-8"?>
<!-- Generated by org.testng.reporters.JUnitReportReporter -->
<testsuite hostname="TechAltum-PC" name="nov_12.UploadFile_Sikuli" tests="1" failures="0" timestamp="12 Nov 2017 06:24:09 GMT" time="38.253" errors="0">
  <testcase name="AutoItTest" time="38.253" classname="nov_12.UploadFile_Sikuli"/>
</testsuite> <!-- nov_12.UploadFile_Sikuli -->
